<?xml version="1.0" encoding="UTF-8"?>
<!-- Generated by org.testng.reporters.JUnitReportReporter -->
<testsuite skipped="0" hostname="DESKTOP-0FSG9OD" name="testMethods.Test1" tests="1" failures="0" timestamp="01 May 2020 19:14:32 GMT" time="75.390" errors="0">
  <testcase name="book" time="75.390" classname="testMethods.Test1"/>
</testsuite> <!-- testMethods.Test1 -->
