<?xml version="1.0" encoding="UTF-8"?>
<!-- Generated by org.testng.reporters.JUnitReportReporter -->
<testsuite skipped="0" hostname="DESKTOP-0FSG9OD" name="testMethods.Question3" tests="1" failures="0" timestamp="09 Mar 2020 18:42:15 GMT" time="55.116" errors="0">
  <testcase name="test3" time="55.116" classname="testMethods.Question3"/>
</testsuite> <!-- testMethods.Question3 -->
