<?xml version="1.0" encoding="UTF-8"?>
<!-- Generated by org.testng.reporters.JUnitReportReporter -->
<testsuite skipped="0" hostname="WKWIN5337880" name="AutomationTesting.PrepaymentPrivilegeCalculator.PrepaymentPrivilegeCalculatorTest" tests="2" failures="0" timestamp="06 Nov 2018 17:59:30 GMT" time="19.069" errors="0">
  <testcase name="errorValidationTest" time="10.637" classname="AutomationTesting.PrepaymentPrivilegeCalculator.PrepaymentPrivilegeCalculatorTest"/>
  <testcase name="dataValidationTest" time="8.432" classname="AutomationTesting.PrepaymentPrivilegeCalculator.PrepaymentPrivilegeCalculatorTest"/>
</testsuite> <!-- AutomationTesting.PrepaymentPrivilegeCalculator.PrepaymentPrivilegeCalculatorTest -->
