<?xml version="1.0" encoding="UTF-8"?>
<!-- Generated by org.testng.reporters.JUnitReportReporter -->
<testsuite skipped="0" hostname="DESKTOP-0FSG9OD" name="testMethods.Question1" tests="1" failures="0" timestamp="09 Mar 2020 17:15:44 GMT" time="36.369" errors="0">
  <testcase name="test2" time="36.369" classname="testMethods.Question1"/>
</testsuite> <!-- testMethods.Question1 -->
