<?xml version="1.0" encoding="UTF-8"?>
<!-- Generated by org.testng.reporters.JUnitReportReporter -->
<testsuite skipped="0" hostname="DESKTOP-0FSG9OD" name="testMethods.GoogleTest" tests="1" failures="0" timestamp="01 Apr 2020 18:59:01 GMT" time="62.288" errors="0">
  <testcase name="googleSearchTest" time="62.288" classname="testMethods.GoogleTest"/>
</testsuite> <!-- testMethods.GoogleTest -->
